{"logTime": "1014/180926", "correlationVector":"eMMwV+gGkjA3KczIDxqdxg.0","action":"FeedSettingFetch_homeCloud", "result":"0", "context":{}}
{"logTime": "1014/180926", "correlationVector":"eMMwV+gGkjA3KczIDxqdxg.0","action":"SyncServerConnectionManagerRequest", "result":"SYNC_SERVER_OK", "context":{"environment":"", "server":""}}
{"logTime": "1014/180926", "correlationVector":"YdG5WQXvJ9maNN9XF3iL7X.1","action":"SyncServerConnectionManagerRequest", "result":"SYNC_SERVER_OK", "context":{"environment":"Prod_EastUS2", "server":"GENERAL01000006"}}
{"logTime": "1014/180926", "correlationVector":"YdG5WQXvJ9maNN9XF3iL7X","action":"Initial GetUpdates", "result":"", "context":Reason: NEW_CLIENT. cV=YdG5WQXvJ9maNN9XF3iL7X}
{"logTime": "1014/180926", "correlationVector":"YdG5WQXvJ9maNN9XF3iL7X.2","action":"GetUpdates Response", "result":"SYNCER_OK", "context":Received 1 update(s). cV=YdG5WQXvJ9maNN9XF3iL7X.0;server=GENERAL01000006;cloudType=Consumer;environment=Prod_EastUS2}
{"logTime": "1014/180941", "correlationVector":"eR28loawadOnfeKl2fu4Gj","action":"Initial GetUpdates", "result":"", "context":Reason: NEW_CLIENT. cV=eR28loawadOnfeKl2fu4Gj}
{"logTime": "1014/180941", "correlationVector":"eR28loawadOnfeKl2fu4Gj.1","action":"SyncServerConnectionManagerRequest", "result":"SYNC_SERVER_OK", "context":{"environment":"Prod_EastUS2", "server":"GENERAL01000003"}}
{"logTime": "1014/180941", "correlationVector":"eR28loawadOnfeKl2fu4Gj.2","action":"GetUpdates Response", "result":"SYNCER_OK", "context":Received 27 update(s). cV=eR28loawadOnfeKl2fu4Gj.0;server=GENERAL01000003;cloudType=Consumer;environment=Prod_EastUS2}
{"logTime": "1014/180941", "correlationVector":"2smHlntQKohYNhDjcahjwV","action":"Normal GetUpdate request", "result":"", "context":cV=2smHlntQKohYNhDjcahjwV
Nudged types: Device Info, User Consents
Refresh requested types: Device Info, User Consents, Send Tab To Self, Encryption Keys}
{"logTime": "1014/180941", "correlationVector":"2smHlntQKohYNhDjcahjwV.1","action":"SyncServerConnectionManagerRequest", "result":"SYNC_SERVER_OK", "context":{"environment":"Prod_EastUS2", "server":"GENERAL0100001G"}}
{"logTime": "1014/180941", "correlationVector":"2smHlntQKohYNhDjcahjwV.2","action":"GetUpdates Response", "result":"SYNCER_OK", "context":Received 0 update(s). cV=2smHlntQKohYNhDjcahjwV.0;server=GENERAL0100001G;cloudType=Consumer;environment=Prod_EastUS2}
{"logTime": "1014/180941", "correlationVector":"nu/MczJMbdUMLEzRS0YxP8","action":"Commit Request", "result":"", "context":Item count: 1
Contributing types: Device Info}
{"logTime": "1014/180942", "correlationVector":"nu/MczJMbdUMLEzRS0YxP8.1","action":"SyncServerConnectionManagerRequest", "result":"SYNC_SERVER_OK", "context":{"environment":"Prod_EastUS2", "server":"GENERAL0100001N"}}
{"logTime": "1014/180942", "correlationVector":"nu/MczJMbdUMLEzRS0YxP8.2","action":"Commit Response", "result":"SYNCER_OK", "context":Result: SYNCER_OK. cV=nu/MczJMbdUMLEzRS0YxP8.0;server=GENERAL0100001N;cloudType=Consumer;environment=Prod_EastUS2}
{"logTime": "1014/180942", "correlationVector":"tx5/pAdt+sBV4AiiV6h+Gq","action":"Commit Request", "result":"", "context":Item count: 1
Contributing types: User Consents}
{"logTime": "1014/180942", "correlationVector":"tx5/pAdt+sBV4AiiV6h+Gq.1","action":"SyncServerConnectionManagerRequest", "result":"SYNC_SERVER_OK", "context":{"environment":"Prod_EastUS2", "server":"GENERAL0100002A"}}
{"logTime": "1014/180942", "correlationVector":"tx5/pAdt+sBV4AiiV6h+Gq.2","action":"Commit Response", "result":"SYNCER_OK", "context":Result: SYNCER_OK. cV=tx5/pAdt+sBV4AiiV6h+Gq.0;server=GENERAL0100002A;cloudType=Consumer;environment=Prod_EastUS2}
